TN:
SF:app.ts
FN:16,createApp
FN:51,(anonymous_2)
FN:62,(anonymous_3)
FN:64,(anonymous_4)
FN:67,(anonymous_5)
FNF:5
FNH:1
FNDA:1,createApp
FNDA:0,(anonymous_2)
FNDA:0,(anonymous_3)
FNDA:0,(anonymous_4)
FNDA:0,(anonymous_5)
DA:1,1
DA:2,1
DA:3,1
DA:4,1
DA:5,1
DA:6,1
DA:7,1
DA:8,1
DA:9,1
DA:10,1
DA:11,1
DA:12,1
DA:13,1
DA:14,1
DA:16,1
DA:17,1
DA:19,1
DA:31,1
DA:33,1
DA:45,1
DA:47,1
DA:49,1
DA:51,0
DA:58,1
DA:61,1
DA:62,0
DA:63,0
DA:64,0
DA:66,0
DA:67,0
DA:68,0
DA:69,0
LF:32
LH:24
BRDA:61,0,0,0
BRF:1
BRH:0
end_of_record
TN:
SF:inversify.config.ts
FNF:0
FNH:0
DA:1,1
DA:2,1
DA:3,1
DA:4,1
DA:5,1
DA:6,1
DA:7,1
DA:8,1
DA:9,1
DA:10,1
DA:11,1
DA:12,1
DA:13,1
DA:15,1
DA:17,1
DA:18,1
DA:20,1
DA:21,1
DA:22,1
DA:23,1
DA:24,1
DA:26,1
DA:27,1
DA:29,1
DA:30,1
DA:31,1
DA:33,1
LF:27
LH:27
BRF:0
BRH:0
end_of_record
TN:
SF:sequelize.ts
FN:22,(anonymous_0)
FN:24,(anonymous_1)
FNF:2
FNH:0
FNDA:0,(anonymous_0)
FNDA:0,(anonymous_1)
DA:1,1
DA:2,1
DA:3,1
DA:5,1
DA:20,1
DA:23,0
DA:25,0
LF:7
LH:5
BRF:0
BRH:0
end_of_record
TN:
SF:src\Controller\AuthenticationController.ts
FN:8,(anonymous_4)
FN:70,(anonymous_5)
FNF:2
FNH:0
FNDA:0,(anonymous_4)
FNDA:0,(anonymous_5)
DA:1,1
DA:2,1
DA:3,1
DA:7,1
DA:10,0
DA:70,1
DA:71,0
DA:73,0
DA:74,0
DA:76,0
DA:77,0
DA:80,0
DA:82,0
LF:13
LH:5
BRDA:76,0,0,0
BRF:1
BRH:0
end_of_record
TN:
SF:src\Controller\TodoController.ts
FN:11,(anonymous_4)
FN:34,(anonymous_5)
FN:60,(anonymous_6)
FN:86,(anonymous_7)
FN:119,(anonymous_8)
FN:141,(anonymous_9)
FNF:6
FNH:6
FNDA:5,(anonymous_4)
FNDA:1,(anonymous_5)
FNDA:1,(anonymous_6)
FNDA:1,(anonymous_7)
FNDA:1,(anonymous_8)
FNDA:1,(anonymous_9)
DA:1,2
DA:2,2
DA:3,2
DA:10,2
DA:13,5
DA:34,2
DA:35,1
DA:60,2
DA:61,1
DA:86,2
DA:87,1
DA:119,2
DA:120,1
DA:141,2
DA:142,1
DA:143,1
DA:144,1
LF:17
LH:17
BRDA:143,0,0,1
BRF:1
BRH:1
end_of_record
TN:
SF:src\Controller\UserController.ts
FN:11,(anonymous_4)
FN:43,(anonymous_5)
FNF:2
FNH:2
FNDA:1,(anonymous_4)
FNDA:1,(anonymous_5)
DA:1,2
DA:2,2
DA:3,2
DA:10,2
DA:13,1
DA:43,2
DA:46,1
LF:7
LH:7
BRF:0
BRH:0
end_of_record
TN:
SF:src\GraphQL\schema.ts
FN:6,(anonymous_1)
FN:9,(anonymous_2)
FNF:2
FNH:0
FNDA:0,(anonymous_1)
FNDA:0,(anonymous_2)
DA:1,1
DA:2,1
DA:3,1
DA:4,1
DA:6,1
DA:7,0
DA:9,0
LF:7
LH:5
BRF:0
BRH:0
end_of_record
TN:
SF:src\GraphQL\resolvers\TodoResolver.ts
FN:11,(anonymous_4)
FN:17,(anonymous_5)
FN:22,(anonymous_6)
FN:27,(anonymous_7)
FN:34,(anonymous_8)
FN:42,(anonymous_9)
FN:16,(anonymous_10)
FN:21,(anonymous_11)
FN:22,(anonymous_12)
FN:26,(anonymous_13)
FN:28,(anonymous_14)
FN:33,(anonymous_15)
FN:35,(anonymous_16)
FN:36,(anonymous_17)
FN:41,(anonymous_18)
FN:43,(anonymous_19)
FN:9,(anonymous_20)
FNF:17
FNH:0
FNDA:0,(anonymous_4)
FNDA:0,(anonymous_5)
FNDA:0,(anonymous_6)
FNDA:0,(anonymous_7)
FNDA:0,(anonymous_8)
FNDA:0,(anonymous_9)
FNDA:0,(anonymous_10)
FNDA:0,(anonymous_11)
FNDA:0,(anonymous_12)
FNDA:0,(anonymous_13)
FNDA:0,(anonymous_14)
FNDA:0,(anonymous_15)
FNDA:0,(anonymous_16)
FNDA:0,(anonymous_17)
FNDA:0,(anonymous_18)
FNDA:0,(anonymous_19)
FNDA:0,(anonymous_20)
DA:1,1
DA:2,1
DA:3,1
DA:4,1
DA:5,1
DA:9,0
DA:10,1
DA:13,0
DA:16,0
DA:17,1
DA:18,0
DA:21,0
DA:22,1
DA:23,0
DA:26,0
DA:27,1
DA:28,0
DA:30,0
DA:33,0
DA:34,1
DA:35,0
DA:36,0
DA:38,0
DA:41,0
DA:42,1
DA:43,0
DA:45,0
LF:27
LH:11
BRF:0
BRH:0
end_of_record
TN:
SF:src\GraphQL\resolvers\UserResolver.ts
FN:11,(anonymous_4)
FN:17,(anonymous_5)
FN:16,(anonymous_6)
FN:18,(anonymous_7)
FN:9,(anonymous_8)
FNF:5
FNH:0
FNDA:0,(anonymous_4)
FNDA:0,(anonymous_5)
FNDA:0,(anonymous_6)
FNDA:0,(anonymous_7)
FNDA:0,(anonymous_8)
DA:1,1
DA:2,1
DA:3,1
DA:4,1
DA:5,1
DA:6,1
DA:9,0
DA:10,1
DA:13,0
DA:16,0
DA:17,1
DA:18,0
DA:20,0
DA:21,0
LF:14
LH:8
BRF:0
BRH:0
end_of_record
TN:
SF:src\GraphQL\types\ResponseCreatedType.ts
FN:5,(anonymous_2)
FNF:1
FNH:0
FNDA:0,(anonymous_2)
DA:1,1
DA:4,1
DA:5,0
DA:6,1
LF:4
LH:3
BRF:0
BRH:0
end_of_record
TN:
SF:src\GraphQL\types\TodoInput.ts
FN:11,(anonymous_2)
FNF:1
FNH:0
FNDA:0,(anonymous_2)
DA:1,1
DA:4,1
DA:6,1
DA:9,1
DA:11,0
DA:12,1
LF:6
LH:5
BRF:0
BRH:0
end_of_record
TN:
SF:src\GraphQL\types\TodoType.ts
FN:6,(anonymous_2)
FN:15,(anonymous_3)
FN:18,(anonymous_4)
FNF:3
FNH:0
FNDA:0,(anonymous_2)
FNDA:0,(anonymous_3)
FNDA:0,(anonymous_4)
DA:1,1
DA:2,1
DA:5,1
DA:6,0
DA:7,1
DA:10,1
DA:13,1
DA:15,0
DA:16,1
DA:18,0
DA:19,1
LF:11
LH:8
BRF:0
BRH:0
end_of_record
TN:
SF:src\GraphQL\types\UserInput.ts
FNF:0
FNH:0
DA:1,1
DA:4,1
DA:6,1
DA:9,1
DA:12,1
LF:5
LH:5
BRF:0
BRH:0
end_of_record
TN:
SF:src\GraphQL\types\UserType.ts
FN:6,(anonymous_2)
FN:18,(anonymous_3)
FNF:2
FNH:0
FNDA:0,(anonymous_2)
FNDA:0,(anonymous_3)
DA:1,1
DA:2,1
DA:5,1
DA:6,0
DA:7,1
DA:10,1
DA:13,1
DA:16,1
DA:18,0
DA:19,1
LF:10
LH:8
BRF:0
BRH:0
end_of_record
TN:
SF:src\MiddleWares\ApiAccesCheckMiddleware.ts
FN:10,(anonymous_1)
FN:14,(anonymous_2)
FN:26,(anonymous_3)
FNF:3
FNH:3
FNDA:1,(anonymous_1)
FNDA:1,(anonymous_2)
FNDA:6,(anonymous_3)
DA:1,1
DA:2,1
DA:6,1
DA:8,1
DA:11,1
DA:15,1
DA:17,1
DA:26,6
DA:28,1
DA:29,0
DA:32,1
DA:33,1
DA:34,1
DA:37,0
DA:38,0
DA:39,0
DA:42,0
LF:17
LH:12
BRDA:28,0,0,0
BRDA:32,1,0,1
BRDA:37,2,0,0
BRF:3
BRH:1
end_of_record
TN:
SF:src\MiddleWares\AuthMiddleware.ts
FN:8,(anonymous_2)
FNF:1
FNH:1
FNDA:1,(anonymous_2)
DA:1,1
DA:2,1
DA:3,1
DA:7,1
DA:10,1
DA:11,1
DA:14,0
DA:17,0
DA:18,0
DA:21,0
DA:22,0
DA:23,0
DA:24,0
DA:26,0
DA:27,0
LF:15
LH:6
BRDA:10,0,0,1
BRDA:10,1,0,1
BRDA:10,1,1,1
BRDA:17,2,0,0
BRF:4
BRH:3
end_of_record
TN:
SF:src\Model\Todo.ts
FN:35,(anonymous_2)
FN:42,(anonymous_3)
FNF:2
FNH:2
FNDA:2,(anonymous_2)
FNDA:2,(anonymous_3)
DA:1,4
DA:2,4
DA:15,4
DA:21,4
DA:27,4
DA:33,4
DA:35,2
DA:40,4
DA:42,2
DA:43,4
LF:10
LH:10
BRF:0
BRH:0
end_of_record
TN:
SF:src\Model\User.ts
FN:36,(anonymous_2)
FNF:1
FNH:1
FNDA:2,(anonymous_2)
DA:1,4
DA:2,4
DA:15,4
DA:22,4
DA:26,4
DA:30,4
DA:34,4
DA:36,2
DA:37,4
LF:9
LH:9
BRF:0
BRH:0
end_of_record
TN:
SF:src\Repository\TodoRepository.ts
FN:16,(anonymous_1)
FN:18,(anonymous_2)
FN:21,(anonymous_3)
FN:29,(anonymous_4)
FN:34,(anonymous_5)
FN:43,(anonymous_6)
FNF:6
FNH:0
FNDA:0,(anonymous_1)
FNDA:0,(anonymous_2)
FNDA:0,(anonymous_3)
FNDA:0,(anonymous_4)
FNDA:0,(anonymous_5)
FNDA:0,(anonymous_6)
DA:1,2
DA:2,2
DA:4,2
DA:15,2
DA:17,0
DA:18,0
DA:22,0
DA:23,0
DA:24,0
DA:26,0
DA:30,0
DA:31,0
DA:35,0
DA:36,0
DA:37,0
DA:39,0
DA:40,0
DA:44,0
DA:45,0
DA:46,0
DA:48,0
DA:49,0
LF:22
LH:4
BRDA:23,0,0,0
BRDA:36,1,0,0
BRDA:45,2,0,0
BRF:3
BRH:0
end_of_record
TN:
SF:src\Repository\userRepository.ts
FN:15,(anonymous_1)
FN:19,(anonymous_2)
FN:24,(anonymous_3)
FNF:3
FNH:0
FNDA:0,(anonymous_1)
FNDA:0,(anonymous_2)
FNDA:0,(anonymous_3)
DA:1,4
DA:2,4
DA:3,4
DA:5,4
DA:14,4
DA:16,0
DA:20,0
DA:21,0
DA:25,0
DA:26,0
DA:27,0
DA:29,0
LF:12
LH:5
BRDA:26,0,0,0
BRF:1
BRH:0
end_of_record
TN:
SF:src\Service\AuthenticationService.ts
FN:14,(anonymous_2)
FNF:1
FNH:0
FNDA:0,(anonymous_2)
DA:1,1
DA:2,1
DA:3,1
DA:4,1
DA:6,1
DA:13,1
DA:16,0
DA:18,0
DA:19,0
DA:22,0
DA:24,0
DA:25,0
DA:28,0
DA:32,0
LF:14
LH:6
BRDA:18,0,0,0
BRDA:18,1,0,0
BRDA:18,1,1,0
BRDA:24,2,0,0
BRF:4
BRH:0
end_of_record
TN:
SF:src\Service\TodoService.ts
FN:22,(anonymous_4)
FN:29,(anonymous_5)
FN:34,(anonymous_6)
FN:39,(anonymous_7)
FN:50,(anonymous_8)
FN:56,(anonymous_9)
FN:64,(anonymous_10)
FN:72,(anonymous_11)
FNF:8
FNH:0
FNDA:0,(anonymous_4)
FNDA:0,(anonymous_5)
FNDA:0,(anonymous_6)
FNDA:0,(anonymous_7)
FNDA:0,(anonymous_8)
FNDA:0,(anonymous_9)
FNDA:0,(anonymous_10)
FNDA:0,(anonymous_11)
DA:1,2
DA:3,2
DA:4,2
DA:7,2
DA:8,2
DA:10,2
DA:21,2
DA:24,0
DA:26,0
DA:30,0
DA:31,0
DA:35,0
DA:36,0
DA:41,0
DA:43,0
DA:45,0
DA:46,0
DA:47,0
DA:51,0
DA:52,0
DA:53,0
DA:57,0
DA:58,0
DA:59,0
DA:61,0
DA:65,0
DA:73,0
LF:27
LH:7
BRDA:58,0,0,0
BRF:1
BRH:0
end_of_record
TN:
SF:src\Service\UserService.ts
FN:18,(anonymous_5)
FN:23,(anonymous_6)
FN:29,(anonymous_7)
FN:34,(anonymous_8)
FNF:4
FNH:3
FNDA:1,(anonymous_5)
FNDA:1,(anonymous_6)
FNDA:0,(anonymous_7)
FNDA:1,(anonymous_8)
DA:1,3
DA:4,3
DA:6,3
DA:9,3
DA:17,3
DA:20,1
DA:24,1
DA:25,1
DA:26,1
DA:30,0
DA:31,0
DA:35,1
DA:36,1
LF:13
LH:11
BRF:0
BRH:0
end_of_record
TN:
SF:src\utils\mappers\TodoResponseMapper.ts
FN:5,(anonymous_0)
FN:14,(anonymous_1)
FN:15,(anonymous_2)
FNF:3
FNH:0
FNDA:0,(anonymous_0)
FNDA:0,(anonymous_1)
FNDA:0,(anonymous_2)
DA:4,2
DA:6,0
DA:15,0
LF:3
LH:1
BRF:0
BRH:0
end_of_record
TN:
SF:src\utils\validators\TodoValidator.ts
FN:4,(anonymous_6)
FNF:1
FNH:0
FNDA:0,(anonymous_6)
DA:1,2
DA:4,2
DA:6,0
DA:7,0
DA:10,0
DA:15,0
LF:6
LH:2
BRDA:6,0,0,0
BRDA:6,1,0,0
BRDA:6,1,1,0
BRF:3
BRH:0
end_of_record
